<?xml version="1.0" encoding="UTF-8"?>
<testng-results ignored="1" total="3" passed="2" failed="0" skipped="0">
  <reporter-output>
  </reporter-output>
  <suite started-at="2026-04-20T23:04:41 IST" name="DemoBlaze Login Test Suite" finished-at="2026-04-20T23:04:51 IST" duration-ms="10117">
    <groups>
    </groups>
    <test started-at="2026-04-20T23:04:41 IST" name="All Login Tests" finished-at="2026-04-20T23:04:51 IST" duration-ms="10117">
      <class name="com.sample.seleniumlearndemo.demoblaze_ram">
        <test-method is-config="true" signature="setup(java.lang.String,java.lang.String)[pri:0, instance:com.sample.seleniumlearndemo.demoblaze_ram@62379589]" started-at="2026-04-20T23:04:41 IST" name="setup" finished-at="2026-04-20T23:04:46 IST" duration-ms="4286" status="PASS">
          <params>
            <param index="0">
              <value>
                <![CDATA[Chrome]]>
              </value>
            </param>
            <param index="1">
              <value>
                <![CDATA[https://www.demoblaze.com/]]>
              </value>
            </param>
          </params>
          <reporter-output>
          </reporter-output>
        </test-method> <!-- setup -->
        <test-method signature="loginTest(java.lang.String,java.lang.String)[pri:1, instance:com.sample.seleniumlearndemo.demoblaze_ram@62379589]" started-at="2026-04-20T23:04:46 IST" name="loginTest" finished-at="2026-04-20T23:04:47 IST" duration-ms="862" status="PASS">
          <params>
            <param index="0">
              <value>
                <![CDATA[karthiksiva]]>
              </value>
            </param>
            <param index="1">
              <value>
                <![CDATA[karthik@123]]>
              </value>
            </param>
          </params>
          <reporter-output>
          </reporter-output>
        </test-method> <!-- loginTest -->
        <test-method is-config="true" signature="afterTest()[pri:0, instance:com.sample.seleniumlearndemo.demoblaze_ram@62379589]" started-at="2026-04-20T23:04:47 IST" name="afterTest" finished-at="2026-04-20T23:04:47 IST" duration-ms="186" status="PASS">
          <reporter-output>
          </reporter-output>
        </test-method> <!-- afterTest -->
        <test-method is-config="true" signature="setup(java.lang.String,java.lang.String)[pri:0, instance:com.sample.seleniumlearndemo.demoblaze_ram@62379589]" started-at="2026-04-20T23:04:47 IST" name="setup" finished-at="2026-04-20T23:04:49 IST" duration-ms="2548" status="PASS">
          <params>
            <param index="0">
              <value>
                <![CDATA[Chrome]]>
              </value>
            </param>
            <param index="1">
              <value>
                <![CDATA[https://www.demoblaze.com/]]>
              </value>
            </param>
          </params>
          <reporter-output>
          </reporter-output>
        </test-method> <!-- setup -->
        <test-method signature="invalidTest2(java.lang.String,java.lang.String)[pri:3, instance:com.sample.seleniumlearndemo.demoblaze_ram@62379589]" started-at="2026-04-20T23:04:49 IST" name="invalidTest2" finished-at="2026-04-20T23:04:51 IST" duration-ms="1928" status="PASS">
          <params>
            <param index="0">
              <value>
                <![CDATA[karthiksiva]]>
              </value>
            </param>
            <param index="1">
              <value>
                <![CDATA[wrongpassword123]]>
              </value>
            </param>
          </params>
          <reporter-output>
          </reporter-output>
        </test-method> <!-- invalidTest2 -->
        <test-method is-config="true" signature="afterTest()[pri:0, instance:com.sample.seleniumlearndemo.demoblaze_ram@62379589]" started-at="2026-04-20T23:04:51 IST" name="afterTest" finished-at="2026-04-20T23:04:51 IST" duration-ms="225" status="PASS">
          <reporter-output>
          </reporter-output>
        </test-method> <!-- afterTest -->
      </class> <!-- com.sample.seleniumlearndemo.demoblaze_ram -->
    </test> <!-- All Login Tests -->
  </suite> <!-- DemoBlaze Login Test Suite -->
</testng-results>
