<?xml version="1.0" encoding="UTF-8"?>
<!-- Generated by org.testng.reporters.JUnitXMLReporter -->
<testsuite ignored="1" hostname="asustuff15" failures="0" tests="2" name="All Login Tests" time="10.117" errors="0" timestamp="2026-04-20T23:04:52 IST">
  <testcase classname="com.sample.seleniumlearndemo.demoblaze_ram" name="loginTest" time="0.862"/>
  <testcase classname="com.sample.seleniumlearndemo.demoblaze_ram" name="invalidTest2" time="1.928"/>
  <testcase classname="com.sample.seleniumlearndemo.demoblaze_ram" name="invalidTest" time="0.0">
    <ignored/>
  </testcase> <!-- invalidTest -->
</testsuite> <!-- All Login Tests -->
