<?xml version="1.0" encoding="UTF-8"?>
<!-- Generated by org.testng.reporters.JUnitReportReporter -->
<testsuite hostname="asustuff15" failures="0" tests="2" name="com.sample.seleniumlearndemo.demoblaze_ram" time="10.035" errors="0" timestamp="2026-04-20T23:04:52 IST" skipped="0">
  <testcase classname="com.sample.seleniumlearndemo.demoblaze_ram" name="loginTest" time="5.373"/>
  <testcase classname="com.sample.seleniumlearndemo.demoblaze_ram" name="invalidTest2" time="4.662"/>
</testsuite> <!-- com.sample.seleniumlearndemo.demoblaze_ram -->
