<?xml version="1.0" encoding="UTF-8"?>
<!-- Generated by org.testng.reporters.JUnitReportReporter -->
<testsuite hostname="asustuff15" failures="0" tests="2" name="com.sample.seleniumlearndemo.demoblaze_divya" time="11.754" errors="0" timestamp="2026-04-20T23:02:35 IST" skipped="0">
  <testcase classname="com.sample.seleniumlearndemo.demoblaze_divya" name="loginTest" time="6.123"/>
  <testcase classname="com.sample.seleniumlearndemo.demoblaze_divya" name="invalidTest2" time="5.631"/>
</testsuite> <!-- com.sample.seleniumlearndemo.demoblaze_divya -->
